Flow report for EightShiftRegister
Sun Mar 24 05:12:17 2024
Quartus Prime Version 20.1.1 Build 720 11/11/2020 SJ Lite Edition


---------------------
; Table of Contents ;
---------------------
  1. Legal Notice
  2. Flow Summary
  3. Flow Settings
  4. Flow Non-Default Global Settings
  5. Flow Elapsed Time
  6. Flow OS Summary
  7. Flow Log
  8. Flow Messages
  9. Flow Suppressed Messages



----------------
; Legal Notice ;
----------------
Copyright (C) 2020  Intel Corporation. All rights reserved.
Your use of Intel Corporation's design tools, logic functions 
and other software and tools, and any partner logic 
functions, and any output files from any of the foregoing 
(including device programming or simulation files), and any 
associated documentation or information are expressly subject 
to the terms and conditions of the Intel Program License 
Subscription Agreement, the Intel Quartus Prime License Agreement,
the Intel FPGA IP License Agreement, or other applicable license
agreement, including, without limitation, that your use is for
the sole purpose of programming logic devices manufactured by
Intel and sold by Intel or its authorized distributors.  Please
refer to the applicable agreement for further details, at
https://fpgasoftware.intel.com/eula.



+----------------------------------------------------------------------------------+
; Flow Summary                                                                     ;
+------------------------------------+---------------------------------------------+
; Flow Status                        ; Successful - Sun Mar 24 05:12:17 2024       ;
; Quartus Prime Version              ; 20.1.1 Build 720 11/11/2020 SJ Lite Edition ;
; Revision Name                      ; EightShiftRegister                          ;
; Top-level Entity Name              ; EightShiftRegister                          ;
; Family                             ; MAX 10                                      ;
; Device                             ; 10M08SAE144C8GES                            ;
; Timing Models                      ; Preliminary                                 ;
; Total logic elements               ; 11 / 8,064 ( < 1 % )                        ;
;     Total combinational functions  ; 11 / 8,064 ( < 1 % )                        ;
;     Dedicated logic registers      ; 9 / 8,064 ( < 1 % )                         ;
; Total registers                    ; 9                                           ;
; Total pins                         ; 13 / 101 ( 13 % )                           ;
; Total virtual pins                 ; 0                                           ;
; Total memory bits                  ; 0 / 387,072 ( 0 % )                         ;
; Embedded Multiplier 9-bit elements ; 0 / 48 ( 0 % )                              ;
; Total PLLs                         ; 0 / 1 ( 0 % )                               ;
; UFM blocks                         ; 0 / 1 ( 0 % )                               ;
; ADC blocks                         ; 0 / 1 ( 0 % )                               ;
+------------------------------------+---------------------------------------------+


+-----------------------------------------+
; Flow Settings                           ;
+-------------------+---------------------+
; Option            ; Setting             ;
+-------------------+---------------------+
; Start date & time ; 03/24/2024 05:09:29 ;
; Main task         ; Compilation         ;
; Revision Name     ; EightShiftRegister  ;
+-------------------+---------------------+


+-------------------------------------------------------------------------------------------------------------------------+
; Flow Non-Default Global Settings                                                                                        ;
+-------------------------------------+----------------------------------------+---------------+-------------+------------+
; Assignment Name                     ; Value                                  ; Default Value ; Entity Name ; Section Id ;
+-------------------------------------+----------------------------------------+---------------+-------------+------------+
; COMPILER_SIGNATURE_ID               ; 1095397079407.171125336921188          ; --            ; --          ; --         ;
; MAX_CORE_JUNCTION_TEMP              ; 85                                     ; --            ; --          ; --         ;
; MIN_CORE_JUNCTION_TEMP              ; 0                                      ; --            ; --          ; --         ;
; PARTITION_COLOR                     ; -- (Not supported for targeted family) ; --            ; --          ; Top        ;
; PARTITION_FITTER_PRESERVATION_LEVEL ; -- (Not supported for targeted family) ; --            ; --          ; Top        ;
; PARTITION_NETLIST_TYPE              ; -- (Not supported for targeted family) ; --            ; --          ; Top        ;
; PROJECT_OUTPUT_DIRECTORY            ; output_files                           ; --            ; --          ; --         ;
+-------------------------------------+----------------------------------------+---------------+-------------+------------+


+--------------------------------------------------------------------------------------------------------------------------+
; Flow Elapsed Time                                                                                                        ;
+----------------------+--------------+-------------------------+---------------------+------------------------------------+
; Module Name          ; Elapsed Time ; Average Processors Used ; Peak Virtual Memory ; Total CPU Time (on all processors) ;
+----------------------+--------------+-------------------------+---------------------+------------------------------------+
; Analysis & Synthesis ; 00:00:06     ; 1.0                     ; 4799 MB             ; 00:00:07                           ;
; Fitter               ; 00:00:03     ; 1.0                     ; 5689 MB             ; 00:00:02                           ;
; Assembler            ; 00:00:00     ; 1.0                     ; 4685 MB             ; 00:00:01                           ;
; Power Analyzer       ; 00:00:01     ; 1.0                     ; 4847 MB             ; 00:00:01                           ;
; Timing Analyzer      ; 00:00:01     ; 1.0                     ; 4805 MB             ; 00:00:01                           ;
; EDA Netlist Writer   ; 00:00:00     ; 1.0                     ; 4630 MB             ; 00:00:00                           ;
; EDA Netlist Writer   ; 00:00:01     ; 1.0                     ; 4639 MB             ; 00:00:00                           ;
; EDA Netlist Writer   ; 00:00:01     ; 1.0                     ; 4630 MB             ; 00:00:00                           ;
; EDA Netlist Writer   ; 00:00:00     ; 1.0                     ; 4638 MB             ; 00:00:00                           ;
; EDA Netlist Writer   ; 00:00:00     ; 1.0                     ; 4630 MB             ; 00:00:00                           ;
; EDA Netlist Writer   ; 00:00:00     ; 1.0                     ; 4638 MB             ; 00:00:00                           ;
; EDA Netlist Writer   ; 00:00:00     ; 1.0                     ; 4630 MB             ; 00:00:00                           ;
; EDA Netlist Writer   ; 00:00:01     ; 1.0                     ; 4638 MB             ; 00:00:00                           ;
; Total                ; 00:00:14     ; --                      ; --                  ; 00:00:12                           ;
+----------------------+--------------+-------------------------+---------------------+------------------------------------+


+------------------------------------------------------------------------------------+
; Flow OS Summary                                                                    ;
+----------------------+------------------+------------+------------+----------------+
; Module Name          ; Machine Hostname ; OS Name    ; OS Version ; Processor type ;
+----------------------+------------------+------------+------------+----------------+
; Analysis & Synthesis ; Saif             ; Windows 10 ; 10.0       ; x86_64         ;
; Fitter               ; Saif             ; Windows 10 ; 10.0       ; x86_64         ;
; Assembler            ; Saif             ; Windows 10 ; 10.0       ; x86_64         ;
; Power Analyzer       ; Saif             ; Windows 10 ; 10.0       ; x86_64         ;
; Timing Analyzer      ; Saif             ; Windows 10 ; 10.0       ; x86_64         ;
; EDA Netlist Writer   ; Saif             ; Windows 10 ; 10.0       ; x86_64         ;
; EDA Netlist Writer   ; Saif             ; Windows 10 ; 10.0       ; x86_64         ;
; EDA Netlist Writer   ; Saif             ; Windows 10 ; 10.0       ; x86_64         ;
; EDA Netlist Writer   ; Saif             ; Windows 10 ; 10.0       ; x86_64         ;
; EDA Netlist Writer   ; Saif             ; Windows 10 ; 10.0       ; x86_64         ;
; EDA Netlist Writer   ; Saif             ; Windows 10 ; 10.0       ; x86_64         ;
; EDA Netlist Writer   ; Saif             ; Windows 10 ; 10.0       ; x86_64         ;
; EDA Netlist Writer   ; Saif             ; Windows 10 ; 10.0       ; x86_64         ;
+----------------------+------------------+------------+------------+----------------+


------------
; Flow Log ;
------------
quartus_map --read_settings_files=on --write_settings_files=off EightShiftRegister -c EightShiftRegister
quartus_fit --read_settings_files=off --write_settings_files=off EightShiftRegister -c EightShiftRegister
quartus_asm --read_settings_files=off --write_settings_files=off EightShiftRegister -c EightShiftRegister
quartus_pow --read_settings_files=off --write_settings_files=off EightShiftRegister -c EightShiftRegister
quartus_sta EightShiftRegister -c EightShiftRegister
quartus_eda --gen_testbench --tool=modelsim_oem --format=verilog --write_settings_files=off EightShiftRegister -c EightShiftRegister --vector_source=C:/Users/saifb/Documents/VHDLW3-5/Waveform.vwf --testbench_file=C:/Users/saifb/Documents/VHDLW3-5/simulation/qsim/Waveform.vwf.vt
quartus_eda --write_settings_files=off --simulation=on --functional=on --flatten_buses=off --tool=modelsim_oem --format=verilog --output_directory=C:/Users/saifb/Documents/VHDLW3-5/simulation/qsim/ EightShiftRegister -c EightShiftRegister
quartus_eda --gen_testbench --tool=modelsim_oem --format=verilog --write_settings_files=off EightShiftRegister -c EightShiftRegister --vector_source=C:/Users/saifb/Documents/VHDLW3-5/Waveform.vwf --testbench_file=C:/Users/saifb/Documents/VHDLW3-5/simulation/qsim/Waveform.vwf.vt
quartus_eda --write_settings_files=off --simulation=on --functional=on --flatten_buses=off --tool=modelsim_oem --format=verilog --output_directory=C:/Users/saifb/Documents/VHDLW3-5/simulation/qsim/ EightShiftRegister -c EightShiftRegister
quartus_eda --gen_testbench --tool=modelsim_oem --format=verilog --write_settings_files=off EightShiftRegister -c EightShiftRegister --vector_source=C:/Users/saifb/Documents/VHDLW3-5/Waveform.vwf --testbench_file=C:/Users/saifb/Documents/VHDLW3-5/simulation/qsim/Waveform.vwf.vt
quartus_eda --write_settings_files=off --simulation=on --functional=on --flatten_buses=off --tool=modelsim_oem --format=verilog --output_directory=C:/Users/saifb/Documents/VHDLW3-5/simulation/qsim/ EightShiftRegister -c EightShiftRegister
quartus_eda --gen_testbench --tool=modelsim_oem --format=verilog --write_settings_files=off EightShiftRegister -c EightShiftRegister --vector_source=C:/Users/saifb/Documents/VHDLW3-5/Waveform.vwf --testbench_file=C:/Users/saifb/Documents/VHDLW3-5/simulation/qsim/Waveform.vwf.vt
quartus_eda --write_settings_files=off --simulation=on --functional=on --flatten_buses=off --tool=modelsim_oem --format=verilog --output_directory=C:/Users/saifb/Documents/VHDLW3-5/simulation/qsim/ EightShiftRegister -c EightShiftRegister



