Flow report for Four2OneMultiplexer
Sun Mar 24 03:57:12 2024
Quartus Prime Version 20.1.1 Build 720 11/11/2020 SJ Lite Edition


---------------------
; Table of Contents ;
---------------------
  1. Legal Notice
  2. Flow Summary
  3. Flow Settings
  4. Flow Non-Default Global Settings
  5. Flow Elapsed Time
  6. Flow OS Summary
  7. Flow Log
  8. Flow Messages
  9. Flow Suppressed Messages



----------------
; Legal Notice ;
----------------
Copyright (C) 2020  Intel Corporation. All rights reserved.
Your use of Intel Corporation's design tools, logic functions 
and other software and tools, and any partner logic 
functions, and any output files from any of the foregoing 
(including device programming or simulation files), and any 
associated documentation or information are expressly subject 
to the terms and conditions of the Intel Program License 
Subscription Agreement, the Intel Quartus Prime License Agreement,
the Intel FPGA IP License Agreement, or other applicable license
agreement, including, without limitation, that your use is for
the sole purpose of programming logic devices manufactured by
Intel and sold by Intel or its authorized distributors.  Please
refer to the applicable agreement for further details, at
https://fpgasoftware.intel.com/eula.



+-------------------------------------------------------------------------------------------+
; Flow Summary                                                                              ;
+------------------------------------+------------------------------------------------------+
; Flow Status                        ; EDA Netlist Writer Failed - Sun Mar 24 03:57:12 2024 ;
; Quartus Prime Version              ; 20.1.1 Build 720 11/11/2020 SJ Lite Edition          ;
; Revision Name                      ; Four2OneMultiplexer                                  ;
; Top-level Entity Name              ; Four2OneMultiplexer                                  ;
; Family                             ; MAX 10                                               ;
; Device                             ; 10M08SAE144C8G                                       ;
; Timing Models                      ; Final                                                ;
; Total logic elements               ; 3 / 8,064 ( < 1 % )                                  ;
;     Total combinational functions  ; 3 / 8,064 ( < 1 % )                                  ;
;     Dedicated logic registers      ; 0 / 8,064 ( 0 % )                                    ;
; Total registers                    ; 0                                                    ;
; Total pins                         ; 7 / 101 ( 7 % )                                      ;
; Total virtual pins                 ; 0                                                    ;
; Total memory bits                  ; 0 / 387,072 ( 0 % )                                  ;
; Embedded Multiplier 9-bit elements ; 0 / 48 ( 0 % )                                       ;
; Total PLLs                         ; 0 / 1 ( 0 % )                                        ;
; UFM blocks                         ; 0 / 1 ( 0 % )                                        ;
; ADC blocks                         ; 0 / 1 ( 0 % )                                        ;
+------------------------------------+------------------------------------------------------+


+-----------------------------------------+
; Flow Settings                           ;
+-------------------+---------------------+
; Option            ; Setting             ;
+-------------------+---------------------+
; Start date & time ; 03/19/2024 16:06:24 ;
; Main task         ; Compilation         ;
; Revision Name     ; Four2OneMultiplexer ;
+-------------------+---------------------+


+-------------------------------------------------------------------------------------------------------------------------+
; Flow Non-Default Global Settings                                                                                        ;
+-------------------------------------+----------------------------------------+---------------+-------------+------------+
; Assignment Name                     ; Value                                  ; Default Value ; Entity Name ; Section Id ;
+-------------------------------------+----------------------------------------+---------------+-------------+------------+
; COMPILER_SIGNATURE_ID               ; 1095397079407.171086078417680          ; --            ; --          ; --         ;
; MAX_CORE_JUNCTION_TEMP              ; 85                                     ; --            ; --          ; --         ;
; MIN_CORE_JUNCTION_TEMP              ; 0                                      ; --            ; --          ; --         ;
; PARTITION_COLOR                     ; -- (Not supported for targeted family) ; --            ; --          ; Top        ;
; PARTITION_FITTER_PRESERVATION_LEVEL ; -- (Not supported for targeted family) ; --            ; --          ; Top        ;
; PARTITION_NETLIST_TYPE              ; -- (Not supported for targeted family) ; --            ; --          ; Top        ;
; PROJECT_OUTPUT_DIRECTORY            ; output_files                           ; --            ; --          ; --         ;
+-------------------------------------+----------------------------------------+---------------+-------------+------------+


+--------------------------------------------------------------------------------------------------------------------------+
; Flow Elapsed Time                                                                                                        ;
+----------------------+--------------+-------------------------+---------------------+------------------------------------+
; Module Name          ; Elapsed Time ; Average Processors Used ; Peak Virtual Memory ; Total CPU Time (on all processors) ;
+----------------------+--------------+-------------------------+---------------------+------------------------------------+
; Analysis & Synthesis ; 00:00:06     ; 1.0                     ; 4784 MB             ; 00:00:07                           ;
; Fitter               ; 00:00:02     ; 1.0                     ; 5689 MB             ; 00:00:02                           ;
; Assembler            ; 00:00:01     ; 1.0                     ; 4684 MB             ; 00:00:01                           ;
; Power Analyzer       ; 00:00:01     ; 1.0                     ; 4845 MB             ; 00:00:01                           ;
; Timing Analyzer      ; 00:00:01     ; 1.0                     ; 4802 MB             ; 00:00:01                           ;
; EDA Netlist Writer   ; 00:00:00     ; 1.0                     ; 4630 MB             ; 00:00:00                           ;
; EDA Netlist Writer   ; 00:00:00     ; 1.0                     ; 4638 MB             ; 00:00:00                           ;
; EDA Netlist Writer   ; 00:00:00     ; 1.0                     ; 4630 MB             ; 00:00:00                           ;
; EDA Netlist Writer   ; 00:00:00     ; 1.0                     ; 4638 MB             ; 00:00:00                           ;
; EDA Netlist Writer   ; 00:00:00     ; 1.0                     ; 4630 MB             ; 00:00:00                           ;
; EDA Netlist Writer   ; 00:00:00     ; 1.0                     ; 4638 MB             ; 00:00:00                           ;
; EDA Netlist Writer   ; 00:00:00     ; 1.0                     ; 4630 MB             ; 00:00:00                           ;
; EDA Netlist Writer   ; 00:00:01     ; 1.0                     ; 4630 MB             ; 00:00:00                           ;
; Total                ; 00:00:12     ; --                      ; --                  ; 00:00:12                           ;
+----------------------+--------------+-------------------------+---------------------+------------------------------------+


+------------------------------------------------------------------------------------+
; Flow OS Summary                                                                    ;
+----------------------+------------------+------------+------------+----------------+
; Module Name          ; Machine Hostname ; OS Name    ; OS Version ; Processor type ;
+----------------------+------------------+------------+------------+----------------+
; Analysis & Synthesis ; Saif             ; Windows 10 ; 10.0       ; x86_64         ;
; Fitter               ; Saif             ; Windows 10 ; 10.0       ; x86_64         ;
; Assembler            ; Saif             ; Windows 10 ; 10.0       ; x86_64         ;
; Power Analyzer       ; Saif             ; Windows 10 ; 10.0       ; x86_64         ;
; Timing Analyzer      ; Saif             ; Windows 10 ; 10.0       ; x86_64         ;
; EDA Netlist Writer   ; Saif             ; Windows 10 ; 10.0       ; x86_64         ;
; EDA Netlist Writer   ; Saif             ; Windows 10 ; 10.0       ; x86_64         ;
; EDA Netlist Writer   ; Saif             ; Windows 10 ; 10.0       ; x86_64         ;
; EDA Netlist Writer   ; Saif             ; Windows 10 ; 10.0       ; x86_64         ;
; EDA Netlist Writer   ; Saif             ; Windows 10 ; 10.0       ; x86_64         ;
; EDA Netlist Writer   ; Saif             ; Windows 10 ; 10.0       ; x86_64         ;
; EDA Netlist Writer   ; Saif             ; Windows 10 ; 10.0       ; x86_64         ;
; EDA Netlist Writer   ; Saif             ; Windows 10 ; 10.0       ; x86_64         ;
+----------------------+------------------+------------+------------+----------------+


------------
; Flow Log ;
------------
quartus_map --read_settings_files=on --write_settings_files=off Four2OneMultiplexer -c Four2OneMultiplexer
quartus_fit --read_settings_files=off --write_settings_files=off Four2OneMultiplexer -c Four2OneMultiplexer
quartus_asm --read_settings_files=off --write_settings_files=off Four2OneMultiplexer -c Four2OneMultiplexer
quartus_pow --read_settings_files=off --write_settings_files=off Four2OneMultiplexer -c Four2OneMultiplexer
quartus_sta Four2OneMultiplexer -c Four2OneMultiplexer
quartus_eda --gen_testbench --tool=modelsim_oem --format=verilog --write_settings_files=off Four2OneMultiplexer -c Four2OneMultiplexer --vector_source=C:/Users/saifb/Documents/VHDL-W3/Waveform1.vwf --testbench_file=C:/Users/saifb/Documents/VHDL-W3/simulation/qsim/Waveform1.vwf.vt
quartus_eda --write_settings_files=off --simulation=on --functional=on --flatten_buses=off --tool=modelsim_oem --format=verilog --output_directory=C:/Users/saifb/Documents/VHDL-W3/simulation/qsim/ Four2OneMultiplexer -c Four2OneMultiplexer
quartus_eda --gen_testbench --tool=modelsim_oem --format=verilog --write_settings_files=off Four2OneMultiplexer -c Four2OneMultiplexer --vector_source=C:/Users/saifb/Documents/VHDL-W3/Waveform1.vwf --testbench_file=C:/Users/saifb/Documents/VHDL-W3/simulation/qsim/Waveform1.vwf.vt
quartus_eda --write_settings_files=off --simulation=on --functional=on --flatten_buses=off --tool=modelsim_oem --format=verilog --output_directory=C:/Users/saifb/Documents/VHDL-W3/simulation/qsim/ Four2OneMultiplexer -c Four2OneMultiplexer
quartus_eda --gen_testbench --tool=modelsim_oem --format=verilog --write_settings_files=off Four2OneMultiplexer -c Four2OneMultiplexer --vector_source=C:/Users/saifb/Documents/VHDL-W3/Waveform.vwf --testbench_file=C:/Users/saifb/Documents/VHDL-W3/simulation/qsim/Waveform.vwf.vt
quartus_eda --write_settings_files=off --simulation=on --functional=on --flatten_buses=off --tool=modelsim_oem --format=verilog --output_directory=C:/Users/saifb/Documents/VHDL-W3/simulation/qsim/ Four2OneMultiplexer -c Four2OneMultiplexer
quartus_eda --gen_testbench --tool=modelsim_oem --format=verilog --write_settings_files=off Four2OneMultiplexer -c Four2OneMultiplexer --vector_source=C:/Users/saifb/Documents/VHDLW3-2/Waveform.vwf --testbench_file=C:/Users/saifb/Documents/VHDL-W3/simulation/qsim/../VHDLW3-2/Waveform.vwf.vt
quartus_eda --gen_testbench --tool=modelsim_oem --format=vhdl --write_settings_files=off Four2OneMultiplexer -c Four2OneMultiplexer --vector_source=C:/Users/saifb/Documents/VHDLW3-2/Waveform.vwf --testbench_file=C:/Users/saifb/Documents/VHDL-W3/simulation/qsim/../VHDLW3-2/Waveform.vwf.vht



